<?xml version="1.0" encoding="UTF-8"?>
<!-- Generated by org.testng.reporters.JUnitXMLReporter -->
<testsuite ignored="0" hostname="LAPTOP-TG0GH7NF" failures="0" tests="14" name="API Tests - Users" time="17.864" errors="0" timestamp="2026-04-30T08:42:38 GMT+07:00">
  <testcase classname="com.ecommerce.tests.api.UserApiTest" name="testCreateUser" time="7.657"/>
  <testcase classname="com.ecommerce.tests.api.UserApiTest" name="testCreateUser" time="1.157"/>
  <testcase classname="com.ecommerce.tests.api.UserApiTest" name="testCreateUser" time="0.712"/>
  <testcase classname="com.ecommerce.tests.api.UserApiTest" name="testCreateUser" time="0.811"/>
  <testcase classname="com.ecommerce.tests.api.UserApiTest" name="testCreateUser" time="0.606"/>
  <testcase classname="com.ecommerce.tests.api.UserApiTest" name="testDeleteUser" time="0.611"/>
  <testcase classname="com.ecommerce.tests.api.UserApiTest" name="testGetAllUsers" time="0.578"/>
  <testcase classname="com.ecommerce.tests.api.UserApiTest" name="testGetNonExistentUser" time="0.951"/>
  <testcase classname="com.ecommerce.tests.api.UserApiTest" name="testGetSingleUser" time="0.391"/>
  <testcase classname="com.ecommerce.tests.api.UserApiTest" name="testGetSingleUser" time="0.395"/>
  <testcase classname="com.ecommerce.tests.api.UserApiTest" name="testGetSingleUser" time="0.369"/>
  <testcase classname="com.ecommerce.tests.api.UserApiTest" name="testGetSingleUser" time="0.367"/>
  <testcase classname="com.ecommerce.tests.api.UserApiTest" name="testPatchUser" time="0.647"/>
  <testcase classname="com.ecommerce.tests.api.UserApiTest" name="testUpdateUser" time="0.949"/>
</testsuite> <!-- API Tests - Users -->
