<?xml version="1.0" encoding="UTF-8"?>
<!-- Generated by org.testng.reporters.JUnitXMLReporter -->
<testsuite ignored="0" hostname="LAPTOP-TG0GH7NF" failures="0" tests="11" name="API Tests - Posts" time="7.315" errors="0" timestamp="2026-04-30T08:42:45 GMT+07:00">
  <testcase classname="com.ecommerce.tests.api.PostApiTest" name="testCreatePost" time="0.679"/>
  <testcase classname="com.ecommerce.tests.api.PostApiTest" name="testCreatePost" time="0.621"/>
  <testcase classname="com.ecommerce.tests.api.PostApiTest" name="testCreatePost" time="0.6"/>
  <testcase classname="com.ecommerce.tests.api.PostApiTest" name="testDeletePost" time="0.534"/>
  <testcase classname="com.ecommerce.tests.api.PostApiTest" name="testGetAllPosts" time="0.402"/>
  <testcase classname="com.ecommerce.tests.api.PostApiTest" name="testGetNonExistentPost" time="0.924"/>
  <testcase classname="com.ecommerce.tests.api.PostApiTest" name="testGetPostsByUser" time="1.064"/>
  <testcase classname="com.ecommerce.tests.api.PostApiTest" name="testGetSinglePost" time="0.344"/>
  <testcase classname="com.ecommerce.tests.api.PostApiTest" name="testGetSinglePost" time="1.337"/>
  <testcase classname="com.ecommerce.tests.api.PostApiTest" name="testGetSinglePost" time="0.342"/>
  <testcase classname="com.ecommerce.tests.api.PostApiTest" name="testGetSinglePost" time="0.431"/>
</testsuite> <!-- API Tests - Posts -->
