<?xml version="1.0" encoding="UTF-8"?>
<testsuite xmlns:xsi="http://www.w3.org/2001/XMLSchema-instance" xsi:noNamespaceSchemaLocation="https://maven.apache.org/surefire/maven-surefire-plugin/xsd/surefire-test-report-3.0.xsd" version="3.0" name="automatedtest.BankAccountTest" time="0.079" tests="7" errors="0" skipped="0" failures="0">
  <properties>
[...]
</properties>
  <testcase name="testNegativeInitialBalance" classname="automatedtest.BankAccountTest" time="0.046"/>
  <testcase name="testWithdrawNegative" classname="automatedtest.BankAccountTest" time="0.001"/>
  <testcase name="testWithdrawOverdraft" classname="automatedtest.BankAccountTest" time="0.001"/>
  <testcase name="testInitialBalance" classname="automatedtest.BankAccountTest" time="0.004"/>
  <testcase name="testWithdrawValid" classname="automatedtest.BankAccountTest" time="0.001"/>
  <testcase name="testDepositValid" classname="automatedtest.BankAccountTest" time="0"/>
  <testcase name="testDepositInvalid" classname="automatedtest.BankAccountTest" time="0.001"/>
</testsuite>