<?xml version="1.0" encoding="UTF-8"?>
<testng-results ignored="0" total="27" passed="27" failed="0" skipped="0">
  <reporter-output>
    <line>
      <![CDATA[Saved screenshot: target\screenshots\loginTest_SUCCESS_20260430_084211709.png]]>
    </line>
    <line>
      <![CDATA[<a href='target\screenshots\loginTest_SUCCESS_20260430_084211709.png'>Screenshot</a>]]>
    </line>
    <line>
      <![CDATA[Saved screenshot: target\screenshots\loginTest_SUCCESS_20260430_084218942.png]]>
    </line>
    <line>
      <![CDATA[<a href='target\screenshots\loginTest_SUCCESS_20260430_084218942.png'>Screenshot</a>]]>
    </line>
  </reporter-output>
  <suite started-at="2026-04-30T08:42:03 GMT+07:00" name="All Tests" finished-at="2026-04-30T08:42:45 GMT+07:00" duration-ms="42673">
    <groups>
    </groups>
    <test started-at="2026-04-30T08:42:03 GMT+07:00" name="UI Tests - Login" finished-at="2026-04-30T08:42:19 GMT+07:00" duration-ms="16104">
      <class name="com.ecommerce.tests.LoginTest">
        <test-method is-config="true" signature="setUp()[pri:0, instance:com.ecommerce.tests.LoginTest@708f5957]" started-at="2026-04-30T08:42:03 GMT+07:00" name="setUp" finished-at="2026-04-30T08:42:05 GMT+07:00" duration-ms="1880" status="PASS">
          <reporter-output>
          </reporter-output>
        </test-method> <!-- setUp -->
        <test-method signature="loginTest(java.lang.String,java.lang.String,boolean)[pri:0, instance:com.ecommerce.tests.LoginTest@708f5957]" started-at="2026-04-30T08:42:05 GMT+07:00" name="loginTest" data-provider="credentials" finished-at="2026-04-30T08:42:11 GMT+07:00" duration-ms="6289" status="PASS">
          <params>
            <param index="0">
              <value>
                <![CDATA[tomsmith]]>
              </value>
            </param>
            <param index="1">
              <value>
                <![CDATA[SuperSecretPassword!]]>
              </value>
            </param>
            <param index="2">
              <value>
                <![CDATA[true]]>
              </value>
            </param>
          </params>
          <reporter-output>
            <line>
              <![CDATA[Saved screenshot: target\screenshots\loginTest_SUCCESS_20260430_084211709.png]]>
            </line>
            <line>
              <![CDATA[<a href='target\screenshots\loginTest_SUCCESS_20260430_084211709.png'>Screenshot</a>]]>
            </line>
          </reporter-output>
        </test-method> <!-- loginTest -->
        <test-method is-config="true" signature="tearDown()[pri:0, instance:com.ecommerce.tests.LoginTest@708f5957]" started-at="2026-04-30T08:42:11 GMT+07:00" name="tearDown" finished-at="2026-04-30T08:42:12 GMT+07:00" duration-ms="334" status="PASS">
          <reporter-output>
          </reporter-output>
        </test-method> <!-- tearDown -->
        <test-method is-config="true" signature="setUp()[pri:0, instance:com.ecommerce.tests.LoginTest@708f5957]" started-at="2026-04-30T08:42:12 GMT+07:00" name="setUp" finished-at="2026-04-30T08:42:13 GMT+07:00" duration-ms="1261" status="PASS">
          <reporter-output>
          </reporter-output>
        </test-method> <!-- setUp -->
        <test-method signature="loginTest(java.lang.String,java.lang.String,boolean)[pri:0, instance:com.ecommerce.tests.LoginTest@708f5957]" started-at="2026-04-30T08:42:13 GMT+07:00" name="loginTest" data-provider="credentials" finished-at="2026-04-30T08:42:18 GMT+07:00" duration-ms="5497" status="PASS">
          <params>
            <param index="0">
              <value>
                <![CDATA[wronguser]]>
              </value>
            </param>
            <param index="1">
              <value>
                <![CDATA[wrongpass]]>
              </value>
            </param>
            <param index="2">
              <value>
                <![CDATA[false]]>
              </value>
            </param>
          </params>
          <reporter-output>
            <line>
              <![CDATA[Saved screenshot: target\screenshots\loginTest_SUCCESS_20260430_084218942.png]]>
            </line>
            <line>
              <![CDATA[<a href='target\screenshots\loginTest_SUCCESS_20260430_084218942.png'>Screenshot</a>]]>
            </line>
          </reporter-output>
        </test-method> <!-- loginTest -->
        <test-method is-config="true" signature="tearDown()[pri:0, instance:com.ecommerce.tests.LoginTest@708f5957]" started-at="2026-04-30T08:42:18 GMT+07:00" name="tearDown" finished-at="2026-04-30T08:42:19 GMT+07:00" duration-ms="249" status="PASS">
          <reporter-output>
          </reporter-output>
        </test-method> <!-- tearDown -->
      </class> <!-- com.ecommerce.tests.LoginTest -->
    </test> <!-- UI Tests - Login -->
    <test started-at="2026-04-30T08:42:20 GMT+07:00" name="API Tests - Users" finished-at="2026-04-30T08:42:38 GMT+07:00" duration-ms="17864">
      <class name="com.ecommerce.tests.api.UserApiTest">
        <test-method is-config="true" signature="setUpApi()[pri:0, instance:com.ecommerce.tests.api.UserApiTest@79924b]" started-at="2026-04-30T08:42:20 GMT+07:00" name="setUpApi" finished-at="2026-04-30T08:42:21 GMT+07:00" duration-ms="1616" status="PASS">
          <reporter-output>
          </reporter-output>
        </test-method> <!-- setUpApi -->
        <test-method signature="testCreateUser(java.lang.String,java.lang.String)[pri:0, instance:com.ecommerce.tests.api.UserApiTest@79924b]" started-at="2026-04-30T08:42:21 GMT+07:00" name="testCreateUser" description="POST /users creates user – data driven" data-provider="userCreateData" finished-at="2026-04-30T08:42:29 GMT+07:00" duration-ms="7657" status="PASS">
          <params>
            <param index="0">
              <value>
                <![CDATA[Alice Smith]]>
              </value>
            </param>
            <param index="1">
              <value>
                <![CDATA[Software Engineer]]>
              </value>
            </param>
          </params>
          <reporter-output>
          </reporter-output>
        </test-method> <!-- testCreateUser -->
        <test-method signature="testCreateUser(java.lang.String,java.lang.String)[pri:0, instance:com.ecommerce.tests.api.UserApiTest@79924b]" started-at="2026-04-30T08:42:29 GMT+07:00" name="testCreateUser" description="POST /users creates user – data driven" data-provider="userCreateData" finished-at="2026-04-30T08:42:30 GMT+07:00" duration-ms="1157" status="PASS">
          <params>
            <param index="0">
              <value>
                <![CDATA[Bob Johnson]]>
              </value>
            </param>
            <param index="1">
              <value>
                <![CDATA[QA Engineer]]>
              </value>
            </param>
          </params>
          <reporter-output>
          </reporter-output>
        </test-method> <!-- testCreateUser -->
        <test-method signature="testCreateUser(java.lang.String,java.lang.String)[pri:0, instance:com.ecommerce.tests.api.UserApiTest@79924b]" started-at="2026-04-30T08:42:30 GMT+07:00" name="testCreateUser" description="POST /users creates user – data driven" data-provider="userCreateData" finished-at="2026-04-30T08:42:31 GMT+07:00" duration-ms="712" status="PASS">
          <params>
            <param index="0">
              <value>
                <![CDATA[Carol White]]>
              </value>
            </param>
            <param index="1">
              <value>
                <![CDATA[Product Manager]]>
              </value>
            </param>
          </params>
          <reporter-output>
          </reporter-output>
        </test-method> <!-- testCreateUser -->
        <test-method signature="testCreateUser(java.lang.String,java.lang.String)[pri:0, instance:com.ecommerce.tests.api.UserApiTest@79924b]" started-at="2026-04-30T08:42:31 GMT+07:00" name="testCreateUser" description="POST /users creates user – data driven" data-provider="userCreateData" finished-at="2026-04-30T08:42:32 GMT+07:00" duration-ms="811" status="PASS">
          <params>
            <param index="0">
              <value>
                <![CDATA[Dave Brown]]>
              </value>
            </param>
            <param index="1">
              <value>
                <![CDATA[DevOps Engineer]]>
              </value>
            </param>
          </params>
          <reporter-output>
          </reporter-output>
        </test-method> <!-- testCreateUser -->
        <test-method signature="testCreateUser(java.lang.String,java.lang.String)[pri:0, instance:com.ecommerce.tests.api.UserApiTest@79924b]" started-at="2026-04-30T08:42:32 GMT+07:00" name="testCreateUser" description="POST /users creates user – data driven" data-provider="userCreateData" finished-at="2026-04-30T08:42:32 GMT+07:00" duration-ms="606" status="PASS">
          <params>
            <param index="0">
              <value>
                <![CDATA[Eve Davis]]>
              </value>
            </param>
            <param index="1">
              <value>
                <![CDATA[Data Scientist]]>
              </value>
            </param>
          </params>
          <reporter-output>
          </reporter-output>
        </test-method> <!-- testCreateUser -->
        <test-method signature="testDeleteUser()[pri:0, instance:com.ecommerce.tests.api.UserApiTest@79924b]" started-at="2026-04-30T08:42:32 GMT+07:00" name="testDeleteUser" description="DELETE /users/{id} returns 200" finished-at="2026-04-30T08:42:33 GMT+07:00" duration-ms="611" status="PASS">
          <reporter-output>
          </reporter-output>
        </test-method> <!-- testDeleteUser -->
        <test-method signature="testGetAllUsers()[pri:0, instance:com.ecommerce.tests.api.UserApiTest@79924b]" started-at="2026-04-30T08:42:33 GMT+07:00" name="testGetAllUsers" description="GET /users returns list of 10 users matching schema" finished-at="2026-04-30T08:42:34 GMT+07:00" duration-ms="578" status="PASS">
          <reporter-output>
          </reporter-output>
        </test-method> <!-- testGetAllUsers -->
        <test-method signature="testGetNonExistentUser()[pri:0, instance:com.ecommerce.tests.api.UserApiTest@79924b]" started-at="2026-04-30T08:42:34 GMT+07:00" name="testGetNonExistentUser" description="GET /users/{id} returns 404 for unknown user" finished-at="2026-04-30T08:42:35 GMT+07:00" duration-ms="951" status="PASS">
          <reporter-output>
          </reporter-output>
        </test-method> <!-- testGetNonExistentUser -->
        <test-method signature="testGetSingleUser(int)[pri:0, instance:com.ecommerce.tests.api.UserApiTest@79924b]" started-at="2026-04-30T08:42:35 GMT+07:00" name="testGetSingleUser" description="GET /users/{id} returns single user matching schema" data-provider="existingUserIds" finished-at="2026-04-30T08:42:35 GMT+07:00" duration-ms="391" status="PASS">
          <params>
            <param index="0">
              <value>
                <![CDATA[1]]>
              </value>
            </param>
          </params>
          <reporter-output>
          </reporter-output>
        </test-method> <!-- testGetSingleUser -->
        <test-method signature="testGetSingleUser(int)[pri:0, instance:com.ecommerce.tests.api.UserApiTest@79924b]" started-at="2026-04-30T08:42:35 GMT+07:00" name="testGetSingleUser" description="GET /users/{id} returns single user matching schema" data-provider="existingUserIds" finished-at="2026-04-30T08:42:35 GMT+07:00" duration-ms="395" status="PASS">
          <params>
            <param index="0">
              <value>
                <![CDATA[2]]>
              </value>
            </param>
          </params>
          <reporter-output>
          </reporter-output>
        </test-method> <!-- testGetSingleUser -->
        <test-method signature="testGetSingleUser(int)[pri:0, instance:com.ecommerce.tests.api.UserApiTest@79924b]" started-at="2026-04-30T08:42:35 GMT+07:00" name="testGetSingleUser" description="GET /users/{id} returns single user matching schema" data-provider="existingUserIds" finished-at="2026-04-30T08:42:36 GMT+07:00" duration-ms="369" status="PASS">
          <params>
            <param index="0">
              <value>
                <![CDATA[5]]>
              </value>
            </param>
          </params>
          <reporter-output>
          </reporter-output>
        </test-method> <!-- testGetSingleUser -->
        <test-method signature="testGetSingleUser(int)[pri:0, instance:com.ecommerce.tests.api.UserApiTest@79924b]" started-at="2026-04-30T08:42:36 GMT+07:00" name="testGetSingleUser" description="GET /users/{id} returns single user matching schema" data-provider="existingUserIds" finished-at="2026-04-30T08:42:36 GMT+07:00" duration-ms="367" status="PASS">
          <params>
            <param index="0">
              <value>
                <![CDATA[10]]>
              </value>
            </param>
          </params>
          <reporter-output>
          </reporter-output>
        </test-method> <!-- testGetSingleUser -->
        <test-method signature="testPatchUser()[pri:0, instance:com.ecommerce.tests.api.UserApiTest@79924b]" started-at="2026-04-30T08:42:36 GMT+07:00" name="testPatchUser" description="PATCH /users/{id} partially updates user" finished-at="2026-04-30T08:42:37 GMT+07:00" duration-ms="647" status="PASS">
          <reporter-output>
          </reporter-output>
        </test-method> <!-- testPatchUser -->
        <test-method signature="testUpdateUser()[pri:0, instance:com.ecommerce.tests.api.UserApiTest@79924b]" started-at="2026-04-30T08:42:37 GMT+07:00" name="testUpdateUser" description="PUT /users/{id} updates user and returns updated fields" finished-at="2026-04-30T08:42:38 GMT+07:00" duration-ms="949" status="PASS">
          <reporter-output>
          </reporter-output>
        </test-method> <!-- testUpdateUser -->
      </class> <!-- com.ecommerce.tests.api.UserApiTest -->
    </test> <!-- API Tests - Users -->
    <test started-at="2026-04-30T08:42:38 GMT+07:00" name="API Tests - Posts" finished-at="2026-04-30T08:42:45 GMT+07:00" duration-ms="7315">
      <class name="com.ecommerce.tests.api.PostApiTest">
        <test-method is-config="true" signature="setUpApi()[pri:0, instance:com.ecommerce.tests.api.PostApiTest@222545dc]" started-at="2026-04-30T08:42:38 GMT+07:00" name="setUpApi" finished-at="2026-04-30T08:42:38 GMT+07:00" duration-ms="6" status="PASS">
          <reporter-output>
          </reporter-output>
        </test-method> <!-- setUpApi -->
        <test-method signature="testCreatePost(java.lang.String,java.lang.String,int)[pri:0, instance:com.ecommerce.tests.api.PostApiTest@222545dc]" started-at="2026-04-30T08:42:38 GMT+07:00" name="testCreatePost" description="POST /posts creates post – data driven" data-provider="postCreateData" finished-at="2026-04-30T08:42:39 GMT+07:00" duration-ms="679" status="PASS">
          <params>
            <param index="0">
              <value>
                <![CDATA[Introduction to REST APIs]]>
              </value>
            </param>
            <param index="1">
              <value>
                <![CDATA[REST stands for Representational State Transfer.]]>
              </value>
            </param>
            <param index="2">
              <value>
                <![CDATA[1]]>
              </value>
            </param>
          </params>
          <reporter-output>
          </reporter-output>
        </test-method> <!-- testCreatePost -->
        <test-method signature="testCreatePost(java.lang.String,java.lang.String,int)[pri:0, instance:com.ecommerce.tests.api.PostApiTest@222545dc]" started-at="2026-04-30T08:42:39 GMT+07:00" name="testCreatePost" description="POST /posts creates post – data driven" data-provider="postCreateData" finished-at="2026-04-30T08:42:39 GMT+07:00" duration-ms="621" status="PASS">
          <params>
            <param index="0">
              <value>
                <![CDATA[Data-Driven Testing Guide]]>
              </value>
            </param>
            <param index="1">
              <value>
                <![CDATA[Use data providers to drive test inputs.]]>
              </value>
            </param>
            <param index="2">
              <value>
                <![CDATA[2]]>
              </value>
            </param>
          </params>
          <reporter-output>
          </reporter-output>
        </test-method> <!-- testCreatePost -->
        <test-method signature="testCreatePost(java.lang.String,java.lang.String,int)[pri:0, instance:com.ecommerce.tests.api.PostApiTest@222545dc]" started-at="2026-04-30T08:42:39 GMT+07:00" name="testCreatePost" description="POST /posts creates post – data driven" data-provider="postCreateData" finished-at="2026-04-30T08:42:40 GMT+07:00" duration-ms="600" status="PASS">
          <params>
            <param index="0">
              <value>
                <![CDATA[API Schema Validation Tips]]>
              </value>
            </param>
            <param index="1">
              <value>
                <![CDATA[Always validate response bodies against a schema.]]>
              </value>
            </param>
            <param index="2">
              <value>
                <![CDATA[1]]>
              </value>
            </param>
          </params>
          <reporter-output>
          </reporter-output>
        </test-method> <!-- testCreatePost -->
        <test-method signature="testDeletePost()[pri:0, instance:com.ecommerce.tests.api.PostApiTest@222545dc]" started-at="2026-04-30T08:42:40 GMT+07:00" name="testDeletePost" description="DELETE /posts/{id} returns 200" finished-at="2026-04-30T08:42:40 GMT+07:00" duration-ms="534" status="PASS">
          <reporter-output>
          </reporter-output>
        </test-method> <!-- testDeletePost -->
        <test-method signature="testGetAllPosts()[pri:0, instance:com.ecommerce.tests.api.PostApiTest@222545dc]" started-at="2026-04-30T08:42:40 GMT+07:00" name="testGetAllPosts" description="GET /posts returns list of 100 posts" finished-at="2026-04-30T08:42:41 GMT+07:00" duration-ms="402" status="PASS">
          <reporter-output>
          </reporter-output>
        </test-method> <!-- testGetAllPosts -->
        <test-method signature="testGetNonExistentPost()[pri:0, instance:com.ecommerce.tests.api.PostApiTest@222545dc]" started-at="2026-04-30T08:42:41 GMT+07:00" name="testGetNonExistentPost" description="GET /posts/{id} returns 404 for unknown post" finished-at="2026-04-30T08:42:42 GMT+07:00" duration-ms="924" status="PASS">
          <reporter-output>
          </reporter-output>
        </test-method> <!-- testGetNonExistentPost -->
        <test-method signature="testGetPostsByUser()[pri:0, instance:com.ecommerce.tests.api.PostApiTest@222545dc]" started-at="2026-04-30T08:42:42 GMT+07:00" name="testGetPostsByUser" description="GET /posts?userId=1 returns posts filtered by user" finished-at="2026-04-30T08:42:43 GMT+07:00" duration-ms="1064" status="PASS">
          <reporter-output>
          </reporter-output>
        </test-method> <!-- testGetPostsByUser -->
        <test-method signature="testGetSinglePost(int)[pri:0, instance:com.ecommerce.tests.api.PostApiTest@222545dc]" started-at="2026-04-30T08:42:43 GMT+07:00" name="testGetSinglePost" description="GET /posts/{id} returns single post matching schema" data-provider="postIdProvider" finished-at="2026-04-30T08:42:43 GMT+07:00" duration-ms="344" status="PASS">
          <params>
            <param index="0">
              <value>
                <![CDATA[1]]>
              </value>
            </param>
          </params>
          <reporter-output>
          </reporter-output>
        </test-method> <!-- testGetSinglePost -->
        <test-method signature="testGetSinglePost(int)[pri:0, instance:com.ecommerce.tests.api.PostApiTest@222545dc]" started-at="2026-04-30T08:42:43 GMT+07:00" name="testGetSinglePost" description="GET /posts/{id} returns single post matching schema" data-provider="postIdProvider" finished-at="2026-04-30T08:42:44 GMT+07:00" duration-ms="1337" status="PASS">
          <params>
            <param index="0">
              <value>
                <![CDATA[25]]>
              </value>
            </param>
          </params>
          <reporter-output>
          </reporter-output>
        </test-method> <!-- testGetSinglePost -->
        <test-method signature="testGetSinglePost(int)[pri:0, instance:com.ecommerce.tests.api.PostApiTest@222545dc]" started-at="2026-04-30T08:42:44 GMT+07:00" name="testGetSinglePost" description="GET /posts/{id} returns single post matching schema" data-provider="postIdProvider" finished-at="2026-04-30T08:42:45 GMT+07:00" duration-ms="342" status="PASS">
          <params>
            <param index="0">
              <value>
                <![CDATA[50]]>
              </value>
            </param>
          </params>
          <reporter-output>
          </reporter-output>
        </test-method> <!-- testGetSinglePost -->
        <test-method signature="testGetSinglePost(int)[pri:0, instance:com.ecommerce.tests.api.PostApiTest@222545dc]" started-at="2026-04-30T08:42:45 GMT+07:00" name="testGetSinglePost" description="GET /posts/{id} returns single post matching schema" data-provider="postIdProvider" finished-at="2026-04-30T08:42:45 GMT+07:00" duration-ms="431" status="PASS">
          <params>
            <param index="0">
              <value>
                <![CDATA[100]]>
              </value>
            </param>
          </params>
          <reporter-output>
          </reporter-output>
        </test-method> <!-- testGetSinglePost -->
      </class> <!-- com.ecommerce.tests.api.PostApiTest -->
    </test> <!-- API Tests - Posts -->
  </suite> <!-- All Tests -->
</testng-results>
