<?xml version="1.0" encoding="UTF-8"?>
<!-- Generated by org.testng.reporters.JUnitReportReporter -->
<testsuite hostname="LAPTOP-TG0GH7NF" failures="0" tests="2" name="com.ecommerce.tests.LoginTest" time="15.510" errors="0" timestamp="2026-04-30T08:42:46 GMT+07:00" skipped="0">
  <testcase classname="com.ecommerce.tests.LoginTest" name="loginTest" time="8.503">
    <system-out>
      <![CDATA[Saved screenshot: target\screenshots\loginTest_SUCCESS_20260430_084211709.png
<a href='target\screenshots\loginTest_SUCCESS_20260430_084211709.png'>Screenshot</a>]]>
    </system-out>
  </testcase> <!-- loginTest -->
  <testcase classname="com.ecommerce.tests.LoginTest" name="loginTest" time="7.007">
    <system-out>
      <![CDATA[Saved screenshot: target\screenshots\loginTest_SUCCESS_20260430_084218942.png
<a href='target\screenshots\loginTest_SUCCESS_20260430_084218942.png'>Screenshot</a>]]>
    </system-out>
  </testcase> <!-- loginTest -->
  <system-out>
    <![CDATA[Saved screenshot: target\screenshots\loginTest_SUCCESS_20260430_084211709.png
<a href='target\screenshots\loginTest_SUCCESS_20260430_084211709.png'>Screenshot</a>
Saved screenshot: target\screenshots\loginTest_SUCCESS_20260430_084218942.png
<a href='target\screenshots\loginTest_SUCCESS_20260430_084218942.png'>Screenshot</a>]]>
  </system-out>
</testsuite> <!-- com.ecommerce.tests.LoginTest -->
