<?xml version="1.0" encoding="UTF-8"?>
<!-- Generated by org.testng.reporters.JUnitReportReporter -->
<testsuite hostname="LAPTOP-TG0GH7NF" failures="0" tests="11" name="com.ecommerce.tests.api.PostApiTest" time="7.278" errors="0" timestamp="2026-04-30T08:42:46 GMT+07:00" skipped="0">
  <testcase classname="com.ecommerce.tests.api.PostApiTest" name="testGetSinglePost" time="0.342"/>
  <testcase classname="com.ecommerce.tests.api.PostApiTest" name="testDeletePost" time="0.534"/>
  <testcase classname="com.ecommerce.tests.api.PostApiTest" name="testGetAllPosts" time="0.402"/>
  <testcase classname="com.ecommerce.tests.api.PostApiTest" name="testGetSinglePost" time="0.344"/>
  <testcase classname="com.ecommerce.tests.api.PostApiTest" name="testCreatePost" time="0.679"/>
  <testcase classname="com.ecommerce.tests.api.PostApiTest" name="testGetSinglePost" time="0.431"/>
  <testcase classname="com.ecommerce.tests.api.PostApiTest" name="testGetNonExistentPost" time="0.924"/>
  <testcase classname="com.ecommerce.tests.api.PostApiTest" name="testGetPostsByUser" time="1.064"/>
  <testcase classname="com.ecommerce.tests.api.PostApiTest" name="testGetSinglePost" time="1.337"/>
  <testcase classname="com.ecommerce.tests.api.PostApiTest" name="testCreatePost" time="0.621"/>
  <testcase classname="com.ecommerce.tests.api.PostApiTest" name="testCreatePost" time="0.600"/>
  <system-out>
    <![CDATA[Saved screenshot: target\screenshots\loginTest_SUCCESS_20260430_084211709.png
<a href='target\screenshots\loginTest_SUCCESS_20260430_084211709.png'>Screenshot</a>
Saved screenshot: target\screenshots\loginTest_SUCCESS_20260430_084218942.png
<a href='target\screenshots\loginTest_SUCCESS_20260430_084218942.png'>Screenshot</a>]]>
  </system-out>
</testsuite> <!-- com.ecommerce.tests.api.PostApiTest -->
